20:02:54: Creating resource group General
20:02:54: Creating resource group Internal
20:02:54: Creating resource group Autodetect
20:02:54: SceneManagerFactory for type 'DefaultSceneManager' registered.
20:02:54: Registering ResourceManager for type Material
20:02:54: Registering ResourceManager for type Mesh
20:02:54: Registering ResourceManager for type Skeleton
20:02:54: MovableObjectFactory for type 'ParticleSystem' registered.
20:02:54: OverlayElementFactory for type Panel registered.
20:02:54: OverlayElementFactory for type BorderPanel registered.
20:02:54: OverlayElementFactory for type TextArea registered.
20:02:54: Registering ResourceManager for type Font
20:02:54: ArchiveFactory for archive type FileSystem registered.
20:02:54: ArchiveFactory for archive type Zip registered.
20:02:54: ArchiveFactory for archive type EmbeddedZip registered.
20:02:54: DDS codec registering
20:02:54: FreeImage version: 3.15.1
20:02:54: This program uses FreeImage, a free, open source image library supporting all common bitmap formats. See http://freeimage.sourceforge.net for details
20:02:54: Supported formats: bmp,ico,jpg,jif,jpeg,jpe,jng,koa,iff,lbm,mng,pbm,pbm,pcd,pcx,pgm,pgm,png,ppm,ppm,ras,tga,targa,tif,tiff,wap,wbmp,wbm,psd,cut,xbm,xpm,gif,hdr,g3,sgi,exr,j2k,j2c,jp2,pfm,pct,pict,pic,3fr,arw,bay,bmq,cap,cine,cr2,crw,cs1,dc2,dcr,drf,dsc,dng,erf,fff,ia,iiq,k25,kc2,kdc,mdc,mef,mos,mrw,nef,nrw,orf,pef,ptx,pxn,qtk,raf,raw,rdc,rw2,rwl,rwz,sr2,srf,sti
20:02:54: Registering ResourceManager for type HighLevelGpuProgram
20:02:54: Registering ResourceManager for type Compositor
20:02:54: MovableObjectFactory for type 'Entity' registered.
20:02:54: MovableObjectFactory for type 'Light' registered.
20:02:54: MovableObjectFactory for type 'BillboardSet' registered.
20:02:54: MovableObjectFactory for type 'ManualObject' registered.
20:02:54: MovableObjectFactory for type 'BillboardChain' registered.
20:02:54: MovableObjectFactory for type 'RibbonTrail' registered.
20:02:54: Loading library /usr/lib/x86_64-linux-gnu/OGRE-1.8.0/RenderSystem_GL
20:02:54: Installing plugin: GL RenderSystem
20:02:54: OpenGL Rendering Subsystem created.
20:02:54: Plugin successfully installed
20:02:54: *-*-* OGRE Initialising
20:02:54: *-*-* Version 1.8.0 (Byatis)
20:02:54: Registering ResourceManager for type Level
20:02:54: Registering ResourceManager for type Audio
20:02:54: Creating resource group Media
20:02:54: Added resource location 'media/meshes' of type 'FileSystem' to resource group 'Media'
20:02:54: Added resource location 'media/materials' of type 'FileSystem' to resource group 'Media'
20:02:54: Added resource location 'media/textures' of type 'FileSystem' to resource group 'Media'
20:02:54: Added resource location 'media/shaders' of type 'FileSystem' to resource group 'Media'
20:02:54: Added resource location 'media/levels' of type 'FileSystem' to resource group 'Media'
20:02:54: Added resource location 'media/audio' of type 'FileSystem' to resource group 'Media'
20:02:54: Added resource location 'media/gui' of type 'FileSystem' to resource group 'Media'
20:02:54: Added resource location 'media/fonts' of type 'FileSystem' to resource group 'Media'
20:02:54: CPU Identifier & Features
20:02:54: -------------------------
20:02:54:  *   CPU ID: GenuineIntel: Intel(R) Core(TM) i5-2430M CPU @ 2.40GHz
20:02:54:  *      SSE: yes
20:02:54:  *     SSE2: yes
20:02:54:  *     SSE3: yes
20:02:54:  *      MMX: yes
20:02:54:  *   MMXEXT: yes
20:02:54:  *    3DNOW: no
20:02:54:  * 3DNOWEXT: no
20:02:54:  *     CMOV: yes
20:02:54:  *      TSC: yes
20:02:54:  *      FPU: yes
20:02:54:  *      PRO: yes
20:02:54:  *       HT: no
20:02:54: -------------------------
20:02:54: ******************************
*** Starting GLX Subsystem ***
******************************
20:02:54: Registering ResourceManager for type Texture
20:02:54: GLRenderSystem::_createRenderWindow "Mermelin", 800x600 windowed  miscParams: FSAA=0 displayFrequency=60 MHz gamma=No vsync=No 
20:02:54: OGRE EXCEPTION(6:FileNotFoundException): Cannot locate resource GLX_icon.png in resource group General or any other group. in ResourceGroupManager::openResource at /build/buildd/ogre-1.8-1.8.0/OgreMain/src/OgreResourceGroupManager.cpp (line 756)
20:02:54: GLXWindow::create used FBConfigID = 107
20:02:54: GL_VERSION = 3.0 Mesa 9.0
20:02:54: GL_VENDOR = Intel Open Source Technology Center
20:02:54: GL_RENDERER = Mesa DRI Intel(R) Sandybridge Mobile 
20:02:54: GL_EXTENSIONS = GL_ARB_multisample GL_EXT_abgr GL_EXT_bgra GL_EXT_blend_color GL_EXT_blend_minmax GL_EXT_blend_subtract GL_EXT_copy_texture GL_EXT_polygon_offset GL_EXT_subtexture GL_EXT_texture_object GL_EXT_vertex_array GL_EXT_compiled_vertex_array GL_EXT_texture GL_EXT_texture3D GL_IBM_rasterpos_clip GL_ARB_point_parameters GL_EXT_draw_range_elements GL_EXT_packed_pixels GL_EXT_point_parameters GL_EXT_rescale_normal GL_EXT_separate_specular_color GL_EXT_texture_edge_clamp GL_SGIS_generate_mipmap GL_SGIS_texture_border_clamp GL_SGIS_texture_edge_clamp GL_SGIS_texture_lod GL_ARB_framebuffer_sRGB GL_ARB_multitexture GL_EXT_framebuffer_sRGB GL_IBM_multimode_draw_arrays GL_IBM_texture_mirrored_repeat GL_3DFX_texture_compression_FXT1 GL_ARB_texture_cube_map GL_ARB_texture_env_add GL_ARB_transpose_matrix GL_EXT_blend_func_separate GL_EXT_fog_coord GL_EXT_multi_draw_arrays GL_EXT_secondary_color GL_EXT_texture_env_add GL_EXT_texture_filter_anisotropic GL_EXT_texture_lod_bias GL_INGR_blend_func_separate GL_NV_blend_square GL_NV_light_max_exponent GL_NV_texgen_reflection GL_NV_texture_env_combine4 GL_S3_s3tc GL_SUN_multi_draw_arrays GL_ARB_texture_border_clamp GL_ARB_texture_compression GL_EXT_framebuffer_object GL_EXT_texture_compression_s3tc GL_EXT_texture_env_combine GL_EXT_texture_env_dot3 GL_MESA_window_pos GL_NV_packed_depth_stencil GL_NV_texture_rectangle GL_NV_vertex_program GL_ARB_depth_texture GL_ARB_occlusion_query GL_ARB_shadow GL_ARB_texture_env_combine GL_ARB_texture_env_crossbar GL_ARB_texture_env_dot3 GL_ARB_texture_mirrored_repeat GL_ARB_window_pos GL_ATI_envmap_bumpmap GL_EXT_stencil_two_side GL_EXT_texture_cube_map GL_NV_depth_clamp GL_NV_vertex_program1_1 GL_APPLE_packed_pixels GL_APPLE_vertex_array_object GL_ARB_draw_buffers GL_ARB_fragment_program GL_ARB_fragment_shader GL_ARB_shader_objects GL_ARB_vertex_program GL_ARB_vertex_shader GL_ATI_draw_buffers GL_ATI_texture_env_combine3 GL_ATI_texture_float GL_EXT_shadow_funcs GL_EXT_stencil_wrap GL_MESA_pack_invert GL_MESA_ycbcr_texture GL_NV_primitive_restart GL_ARB_depth_clamp GL_ARB_fragment_program_shadow GL_ARB_half_float_pixel GL_ARB_occlusion_query2 GL_ARB_point_sprite GL_ARB_shading_language_100 GL_ARB_sync GL_ARB_texture_non_power_of_two GL_ARB_vertex_buffer_object GL_ATI_blend_equation_separate GL_EXT_blend_equation_separate GL_OES_read_format GL_ARB_color_buffer_float GL_ARB_pixel_buffer_object GL_ARB_texture_compression_rgtc GL_ARB_texture_float GL_ARB_texture_rectangle GL_EXT_packed_float GL_EXT_pixel_buffer_object GL_EXT_texture_compression_dxt1 GL_EXT_texture_compression_rgtc GL_EXT_texture_rectangle GL_EXT_texture_sRGB GL_EXT_texture_shared_exponent GL_ARB_framebuffer_object GL_EXT_framebuffer_blit GL_EXT_framebuffer_multisample GL_EXT_packed_depth_stencil GL_APPLE_object_purgeable GL_ARB_vertex_array_object GL_ATI_separate_stencil GL_EXT_draw_buffers2 GL_EXT_draw_instanced GL_EXT_gpu_program_parameters GL_EXT_texture_array GL_EXT_texture_integer GL_EXT_texture_sRGB_decode GL_EXT_timer_query GL_OES_EGL_image GL_MESA_texture_array GL_ARB_copy_buffer GL_ARB_depth_buffer_float GL_ARB_draw_instanced GL_ARB_half_float_vertex GL_ARB_instanced_arrays GL_ARB_map_buffer_range GL_ARB_texture_rg GL_ARB_texture_swizzle GL_ARB_vertex_array_bgra GL_EXT_separate_shader_objects GL_EXT_texture_swizzle GL_EXT_vertex_array_bgra GL_NV_conditional_render GL_AMD_draw_buffers_blend GL_ARB_ES2_compatibility GL_ARB_blend_func_extended GL_ARB_debug_output GL_ARB_draw_buffers_blend GL_ARB_draw_elements_base_vertex GL_ARB_explicit_attrib_location GL_ARB_fragment_coord_conventions GL_ARB_provoking_vertex GL_ARB_sampler_objects GL_ARB_seamless_cube_map GL_ARB_shader_texture_lod GL_ARB_texture_rgb10_a2ui GL_ARB_uniform_buffer_object GL_EXT_provoking_vertex GL_EXT_texture_snorm GL_MESA_texture_signed_rgba GL_ARB_robustness GL_ARB_shader_bit_encoding GL_ARB_texture_storage GL_EXT_transform_feedback GL_ARB_invalidate_subdata 
20:02:54: Supported GLX extensions: GLX_ARB_create_context GLX_ARB_create_context_profile GLX_ARB_get_proc_address GLX_ARB_multisample GLX_EXT_import_context GLX_EXT_visual_info GLX_EXT_visual_rating GLX_EXT_create_context_es2_profile GLX_MESA_copy_sub_buffer GLX_MESA_multithread_makecurrent GLX_MESA_swap_control GLX_OML_swap_method GLX_OML_sync_control GLX_SGI_make_current_read GLX_SGI_swap_control GLX_SGI_video_sync GLX_SGIS_multisample GLX_SGIX_fbconfig GLX_SGIX_pbuffer GLX_SGIX_visual_select_group GLX_EXT_texture_from_pixmap 
20:02:54: ***************************
20:02:54: *** GL Renderer Started ***
20:02:54: ***************************
20:02:54: Registering ResourceManager for type GpuProgram
20:02:54: GLSL support detected
20:02:54: GL: Using GL_EXT_framebuffer_object for rendering to textures (best)
20:02:54: FBO PF_UNKNOWN depth/stencil support: D0S1 D0S4 D0S8 D0S16 D16S0 D24S0 D24S1 D24S4 D24S8 D24S16 D32S0 D32S1 D32S4 D32S8 D32S16 Packed-D24S8 
20:02:54: FBO PF_A8 depth/stencil support: D0S0 D0S1 D0S4 D0S8 D0S16 D16S0 D24S0 D24S1 D24S4 D24S8 D24S16 D32S0 D32S1 D32S4 D32S8 D32S16 Packed-D24S8 
20:02:54: FBO PF_R5G6B5 depth/stencil support: D0S0 D0S1 D0S4 D0S8 D0S16 D16S0 D24S0 D24S1 D24S4 D24S8 D24S16 D32S0 D32S1 D32S4 D32S8 D32S16 Packed-D24S8 
20:02:54: FBO PF_B5G6R5 depth/stencil support: D0S0 D0S1 D0S4 D0S8 D0S16 D16S0 D24S0 D24S1 D24S4 D24S8 D24S16 D32S0 D32S1 D32S4 D32S8 D32S16 Packed-D24S8 
20:02:54: FBO PF_A4R4G4B4 depth/stencil support: D0S0 D0S1 D0S4 D0S8 D0S16 D16S0 D24S0 D24S1 D24S4 D24S8 D24S16 D32S0 D32S1 D32S4 D32S8 D32S16 Packed-D24S8 
20:02:54: FBO PF_A1R5G5B5 depth/stencil support: D0S0 D0S1 D0S4 D0S8 D0S16 D16S0 D24S0 D24S1 D24S4 D24S8 D24S16 D32S0 D32S1 D32S4 D32S8 D32S16 Packed-D24S8 
20:02:54: FBO PF_R8G8B8 depth/stencil support: D0S0 D0S1 D0S4 D0S8 D0S16 D16S0 D24S0 D24S1 D24S4 D24S8 D24S16 D32S0 D32S1 D32S4 D32S8 D32S16 Packed-D24S8 
20:02:54: FBO PF_B8G8R8 depth/stencil support: D0S0 D0S1 D0S4 D0S8 D0S16 D16S0 D24S0 D24S1 D24S4 D24S8 D24S16 D32S0 D32S1 D32S4 D32S8 D32S16 Packed-D24S8 
20:02:54: FBO PF_A8R8G8B8 depth/stencil support: D0S0 D0S1 D0S4 D0S8 D0S16 D16S0 D24S0 D24S1 D24S4 D24S8 D24S16 D32S0 D32S1 D32S4 D32S8 D32S16 Packed-D24S8 
20:02:54: FBO PF_B8G8R8A8 depth/stencil support: D0S0 D0S1 D0S4 D0S8 D0S16 D16S0 D24S0 D24S1 D24S4 D24S8 D24S16 D32S0 D32S1 D32S4 D32S8 D32S16 Packed-D24S8 
20:02:54: FBO PF_A2R10G10B10 depth/stencil support: D0S0 D0S1 D0S4 D0S8 D0S16 D16S0 D24S0 D24S1 D24S4 D24S8 D24S16 D32S0 D32S1 D32S4 D32S8 D32S16 Packed-D24S8 
20:02:54: FBO PF_A2B10G10R10 depth/stencil support: D0S0 D0S1 D0S4 D0S8 D0S16 D16S0 D24S0 D24S1 D24S4 D24S8 D24S16 D32S0 D32S1 D32S4 D32S8 D32S16 Packed-D24S8 
20:02:54: FBO PF_FLOAT16_RGB depth/stencil support: D0S0 D0S1 D0S4 D0S8 D0S16 D16S0 D24S0 D24S1 D24S4 D24S8 D24S16 D32S0 D32S1 D32S4 D32S8 D32S16 Packed-D24S8 
20:02:54: FBO PF_FLOAT16_RGBA depth/stencil support: D0S0 D0S1 D0S4 D0S8 D0S16 D16S0 D24S0 D24S1 D24S4 D24S8 D24S16 D32S0 D32S1 D32S4 D32S8 D32S16 Packed-D24S8 
20:02:54: FBO PF_FLOAT32_RGB depth/stencil support: D0S0 D0S1 D0S4 D0S8 D0S16 D16S0 D24S0 D24S1 D24S4 D24S8 D24S16 D32S0 D32S1 D32S4 D32S8 D32S16 Packed-D24S8 
20:02:54: FBO PF_FLOAT32_RGBA depth/stencil support: D0S0 D0S1 D0S4 D0S8 D0S16 D16S0 D24S0 D24S1 D24S4 D24S8 D24S16 D32S0 D32S1 D32S4 D32S8 D32S16 Packed-D24S8 
20:02:54: FBO PF_X8R8G8B8 depth/stencil support: D0S0 D0S1 D0S4 D0S8 D0S16 D16S0 D24S0 D24S1 D24S4 D24S8 D24S16 D32S0 D32S1 D32S4 D32S8 D32S16 Packed-D24S8 
20:02:54: FBO PF_X8B8G8R8 depth/stencil support: D0S0 D0S1 D0S4 D0S8 D0S16 D16S0 D24S0 D24S1 D24S4 D24S8 D24S16 D32S0 D32S1 D32S4 D32S8 D32S16 Packed-D24S8 
20:02:54: FBO PF_SHORT_RGBA depth/stencil support: D0S0 D0S1 D0S4 D0S8 D0S16 D16S0 D24S0 D24S1 D24S4 D24S8 D24S16 D32S0 D32S1 D32S4 D32S8 D32S16 Packed-D24S8 
20:02:54: FBO PF_R3G3B2 depth/stencil support: D0S0 D0S1 D0S4 D0S8 D0S16 D16S0 D24S0 D24S1 D24S4 D24S8 D24S16 D32S0 D32S1 D32S4 D32S8 D32S16 Packed-D24S8 
20:02:54: FBO PF_FLOAT16_R depth/stencil support: D0S0 D0S1 D0S4 D0S8 D0S16 D16S0 D24S0 D24S1 D24S4 D24S8 D24S16 D32S0 D32S1 D32S4 D32S8 D32S16 Packed-D24S8 
20:02:54: FBO PF_FLOAT32_R depth/stencil support: D0S0 D0S1 D0S4 D0S8 D0S16 D16S0 D24S0 D24S1 D24S4 D24S8 D24S16 D32S0 D32S1 D32S4 D32S8 D32S16 Packed-D24S8 
20:02:54: FBO PF_SHORT_RGB depth/stencil support: D0S0 D0S1 D0S4 D0S8 D0S16 D16S0 D24S0 D24S1 D24S4 D24S8 D24S16 D32S0 D32S1 D32S4 D32S8 D32S16 Packed-D24S8 
20:02:54: [GL] : Valid FBO targets PF_UNKNOWN PF_A8 PF_R5G6B5 PF_B5G6R5 PF_A4R4G4B4 PF_A1R5G5B5 PF_R8G8B8 PF_B8G8R8 PF_A8R8G8B8 PF_B8G8R8A8 PF_A2R10G10B10 PF_A2B10G10R10 PF_FLOAT16_RGB PF_FLOAT16_RGBA PF_FLOAT32_RGB PF_FLOAT32_RGBA PF_X8R8G8B8 PF_X8B8G8R8 PF_SHORT_RGBA PF_R3G3B2 PF_FLOAT16_R PF_FLOAT32_R PF_SHORT_RGB 
20:02:54: RenderSystem capabilities
20:02:54: -------------------------
20:02:54: RenderSystem Name: OpenGL Rendering Subsystem
20:02:54: GPU Vendor: intel
20:02:54: Device Name: Mesa DRI Intel(R) Sandybridge Mobile 
20:02:54: Driver Version: 3.0.0.0
20:02:54:  * Fixed function pipeline: yes
20:02:54:  * Hardware generation of mipmaps: no
20:02:54:  * Texture blending: yes
20:02:54:  * Anisotropic texture filtering: yes
20:02:54:  * Dot product texture operation: yes
20:02:54:  * Cube mapping: yes
20:02:54:  * Hardware stencil buffer: yes
20:02:54:    - Stencil depth: 8
20:02:54:    - Two sided stencil support: yes
20:02:54:    - Wrap stencil values: yes
20:02:54:  * Hardware vertex / index buffers: yes
20:02:54:  * Vertex programs: yes
20:02:54:  * Number of floating-point constants for vertex programs: 4096
20:02:54:  * Number of integer constants for vertex programs: 0
20:02:54:  * Number of boolean constants for vertex programs: 0
20:02:54:  * Fragment programs: yes
20:02:54:  * Number of floating-point constants for fragment programs: 4096
20:02:54:  * Number of integer constants for fragment programs: 0
20:02:54:  * Number of boolean constants for fragment programs: 0
20:02:54:  * Geometry programs: no
20:02:54:  * Number of floating-point constants for geometry programs: 0
20:02:54:  * Number of integer constants for geometry programs: 0
20:02:54:  * Number of boolean constants for geometry programs: 0
20:02:54:  * Supported Shader Profiles: arbfp1 arbvp1 glsl
20:02:54:  * Texture Compression: yes
20:02:54:    - DXT: yes
20:02:54:    - VTC: no
20:02:54:    - PVRTC: no
20:02:54:  * Scissor Rectangle: yes
20:02:54:  * Hardware Occlusion Query: yes
20:02:54:  * User clip planes: yes
20:02:54:  * VET_UBYTE4 vertex element type: yes
20:02:54:  * Infinite far plane projection: yes
20:02:54:  * Hardware render-to-texture: yes
20:02:54:  * Floating point textures: yes
20:02:54:  * Non-power-of-two textures: yes
20:02:54:  * Volume textures: yes
20:02:54:  * Multiple Render Targets: 8
20:02:54:    - With different bit depths: yes
20:02:54:  * Point Sprites: yes
20:02:54:  * Extended point parameters: yes
20:02:54:  * Max Point Size: 255
20:02:54:  * Vertex texture fetch: yes
20:02:54:  * Number of world matrices: 0
20:02:54:  * Number of texture units: 16
20:02:54:  * Stencil buffer depth: 8
20:02:54:  * Number of vertex blend matrices: 0
20:02:54:    - Max vertex textures: 16
20:02:54:    - Vertex textures shared: yes
20:02:54:  * Render to Vertex Buffer : no
20:02:54:  * GL 1.5 without VBO workaround: no
20:02:54:  * Frame Buffer objects: yes
20:02:54:  * Frame Buffer objects (ARB extension): no
20:02:54:  * Frame Buffer objects (ATI extension): no
20:02:54:  * PBuffer support: yes
20:02:54:  * GL 1.5 without HW-occlusion workaround: no
20:02:54:  * Separate shader objects: no
20:02:54: DefaultWorkQueue('Root') initialising on thread 0x17472e0.
20:02:54: DefaultWorkQueue('Root')::WorkerFunc - thread 0x17674c0 starting.
20:02:54: DefaultWorkQueue('Root')::WorkerFunc - thread 0x19b6040 starting.
20:02:54: DefaultWorkQueue('Root')::WorkerFunc - thread 0x19b6350 starting.
20:02:54: Particle Renderer Type 'billboard' registered
20:02:54: Parsing scripts for resource group Autodetect
20:02:54: Finished parsing scripts for resource group Autodetect
20:02:54: Creating resources for group Autodetect
20:02:54: All done
20:02:54: Parsing scripts for resource group General
20:02:54: Finished parsing scripts for resource group General
20:02:54: Creating resources for group General
20:02:54: All done
20:02:54: Parsing scripts for resource group Internal
20:02:54: Finished parsing scripts for resource group Internal
20:02:54: Creating resources for group Internal
20:02:54: All done
20:02:54: Parsing scripts for resource group Media
20:02:54: Parsing script Floor.material
20:02:54: DefaultWorkQueue('Root')::WorkerFunc - thread 0x1992a50 starting.
20:02:54: Parsing script Transparent.material
20:02:54: Parsing script Cube.material
20:02:54: Parsing script Wind.material
20:02:54: Parsing script Rotor.material
20:02:54: Parsing script Button.material
20:02:54: Parsing script Wood.material
20:02:54: Parsing script TypeChanger.material
20:02:54: Parsing script Door.material
20:02:54: Parsing script Wall.material
20:02:54: Finished parsing scripts for resource group Media
20:02:54: Creating resources for group Media
20:02:54: All done
20:02:54: Creating resource group BtOgre
20:02:54: Creating resource group Rocket
20:02:54: Loaded font face Bouwsma Uncial Regular (from BouwsUnc.ttf).
20:02:54: Texture: menu_color.png: Loading 1 faces(PF_A8R8G8B8,512x512x1) with 0 generated mipmaps from Image. Internal format is PF_A8R8G8B8,512x512x1.
20:02:54: Syntax error parsing property declaration 'float: top;' in menu.rcss: 126.
20:02:54: Invalid property declaration at :0
20:02:54: Texture: background_color.jpg: Loading 1 faces(PF_R8G8B8,1366x768x1) with 5 generated mipmaps from Image. Internal format is PF_X8R8G8B8,1366x768x1.
20:02:54: OGRE EXCEPTION(5:ItemIdentityException): SceneNode 'LevelNode' not found. in SceneManager::getSceneNode at /build/buildd/ogre-1.8-1.8.0/OgreMain/src/OgreSceneManager.cpp (line 917)
20:02:54: Mesh: Loading Floor.mesh.
20:02:54: Texture: floor_color.png: Loading 1 faces(PF_R8G8B8,256x256x1) with 5 generated mipmaps from Image. Internal format is PF_X8R8G8B8,256x256x1.
20:02:54: Texture: wall_color.png: Loading 1 faces(PF_R8G8B8,256x256x1) with 5 generated mipmaps from Image. Internal format is PF_X8R8G8B8,256x256x1.
20:02:54: Mesh: Loading Wall_Border_Corner.mesh.
20:02:54: Mesh: Loading Wall_Line.mesh.
20:02:54: Mesh: Loading TypeChanger.mesh.
20:02:54: Mesh: Loading TypeChangerAE.mesh.
20:02:54: Mesh: Loading TypeChangerElement.mesh.
20:02:54: Texture: dirt_color.png: Loading 1 faces(PF_R8G8B8,256x256x1) with 5 generated mipmaps from Image. Internal format is PF_X8R8G8B8,256x256x1.
20:02:54: Texture: ocean_floor_color.png: Loading 1 faces(PF_R8G8B8,256x256x1) with 5 generated mipmaps from Image. Internal format is PF_X8R8G8B8,256x256x1.
20:02:54: Texture: caustics_color.png: Loading 1 faces(PF_R8G8B8,256x256x1) with 5 generated mipmaps from Image. Internal format is PF_X8R8G8B8,256x256x1.
20:02:54: Texture: spot_shadow_fade.png: Loading 1 faces(PF_R8G8B8,128x128x1) with 5 generated mipmaps from Image. Internal format is PF_X8R8G8B8,128x128x1.
20:02:54: GLSL compiled: 
20:02:54: GLSL compiled: 
20:02:54: Vertex Program:fire_v Fragment Program:fire_f GLSL link result : 
20:02:54: GLSL compiled: 
20:02:54: GLSL compiled: 
20:02:54: Vertex Program:earth_v Fragment Program:earth_f GLSL link result : 
20:02:54: Texture: 1: Loading 1 faces(PF_A8B8G8R8,128x128x1) with 0 generated mipmaps from Image. Internal format is PF_A8R8G8B8,128x128x1.
20:02:54: GLSL compiled: 
20:02:54: GLSL compiled: 
20:02:54: Vertex Program:air_v Fragment Program:air_f GLSL link result : 
20:02:54: GLSL compiled: 
20:02:54: GLSL compiled: 
20:02:54: Error prior to using GLSL Program Object : invalid operation
